2024-04-20 02:25:56|info|[ VIEW ] /www/wwwroot/crmeb.clear7.asia/public/mobile.html [ array (
  0 => 'siteName',
  1 => 'siteUrl',
) ]
2024-04-20 02:25:56|info|[ VIEW ] /www/wwwroot/crmeb.clear7.asia/public/mobile.html [ array (
  0 => 'siteName',
  1 => 'siteUrl',
) ]
2024-04-20 03:08:44|info|[ VIEW ] /www/wwwroot/crmeb.clear7.asia/public/mobile.html [ array (
  0 => 'siteName',
  1 => 'siteUrl',
) ]
2024-04-20 04:37:24|info|[ VIEW ] /www/wwwroot/crmeb.clear7.asia/public/mobile.html [ array (
  0 => 'siteName',
  1 => 'siteUrl',
) ]
2024-04-20 04:37:35|info|[ VIEW ] /www/wwwroot/crmeb.clear7.asia/public/mobile.html [ array (
  0 => 'siteName',
  1 => 'siteUrl',
) ]
2024-04-20 04:39:17|info|[ VIEW ] /www/wwwroot/crmeb.clear7.asia/public/mobile.html [ array (
  0 => 'siteName',
  1 => 'siteUrl',
) ]
2024-04-20 04:39:17|info|[ VIEW ] /www/wwwroot/crmeb.clear7.asia/public/mobile.html [ array (
  0 => 'siteName',
  1 => 'siteUrl',
) ]
2024-04-20 04:39:17|info|[ VIEW ] /www/wwwroot/crmeb.clear7.asia/public/mobile.html [ array (
  0 => 'siteName',
  1 => 'siteUrl',
) ]
2024-04-20 04:39:17|info|[ VIEW ] /www/wwwroot/crmeb.clear7.asia/public/mobile.html [ array (
  0 => 'siteName',
  1 => 'siteUrl',
) ]
2024-04-20 04:39:17|info|[ VIEW ] /www/wwwroot/crmeb.clear7.asia/public/mobile.html [ array (
  0 => 'siteName',
  1 => 'siteUrl',
) ]
2024-04-20 04:39:17|info|[ VIEW ] /www/wwwroot/crmeb.clear7.asia/public/mobile.html [ array (
  0 => 'siteName',
  1 => 'siteUrl',
) ]
2024-04-20 04:39:17|info|[ VIEW ] /www/wwwroot/crmeb.clear7.asia/public/mobile.html [ array (
  0 => 'siteName',
  1 => 'siteUrl',
) ]
2024-04-20 04:39:17|info|[ VIEW ] /www/wwwroot/crmeb.clear7.asia/public/mobile.html [ array (
  0 => 'siteName',
  1 => 'siteUrl',
) ]
2024-04-20 04:39:17|info|[ VIEW ] /www/wwwroot/crmeb.clear7.asia/public/mobile.html [ array (
  0 => 'siteName',
  1 => 'siteUrl',
) ]
2024-04-20 04:39:17|info|[ VIEW ] /www/wwwroot/crmeb.clear7.asia/public/mobile.html [ array (
  0 => 'siteName',
  1 => 'siteUrl',
) ]
2024-04-20 04:39:17|info|[ VIEW ] /www/wwwroot/crmeb.clear7.asia/public/mobile.html [ array (
  0 => 'siteName',
  1 => 'siteUrl',
) ]
2024-04-20 05:02:24|info|[ VIEW ] /www/wwwroot/crmeb.clear7.asia/public/mobile.html [ array (
  0 => 'siteName',
  1 => 'siteUrl',
) ]
2024-04-20 05:02:24|info|[ VIEW ] /www/wwwroot/crmeb.clear7.asia/public/mobile.html [ array (
  0 => 'siteName',
  1 => 'siteUrl',
) ]
2024-04-20 05:02:30|info|[ VIEW ] /www/wwwroot/crmeb.clear7.asia/public/mobile.html [ array (
  0 => 'siteName',
  1 => 'siteUrl',
) ]
2024-04-20 05:03:33|info|[ VIEW ] /www/wwwroot/crmeb.clear7.asia/public/index.html [ array (
) ]
2024-04-20 05:39:28|info|[ VIEW ] /www/wwwroot/crmeb.clear7.asia/public/mobile.html [ array (
  0 => 'siteName',
  1 => 'siteUrl',
) ]
2024-04-20 05:44:19|info|[ VIEW ] /www/wwwroot/crmeb.clear7.asia/public/mobile.html [ array (
  0 => 'siteName',
  1 => 'siteUrl',
) ]
2024-04-20 05:45:15|info|[ VIEW ] /www/wwwroot/crmeb.clear7.asia/public/mobile.html [ array (
  0 => 'siteName',
  1 => 'siteUrl',
) ]
2024-04-20 06:11:51|info|[ VIEW ] /www/wwwroot/crmeb.clear7.asia/public/mobile.html [ array (
  0 => 'siteName',
  1 => 'siteUrl',
) ]
2024-04-20 06:12:39|info|[ VIEW ] /www/wwwroot/crmeb.clear7.asia/public/mobile.html [ array (
  0 => 'siteName',
  1 => 'siteUrl',
) ]
2024-04-20 06:12:45|info|[ VIEW ] /www/wwwroot/crmeb.clear7.asia/public/mobile.html [ array (
  0 => 'siteName',
  1 => 'siteUrl',
) ]
2024-04-20 06:12:46|info|[ VIEW ] /www/wwwroot/crmeb.clear7.asia/public/index.html [ array (
) ]
2024-04-20 06:12:47|info|[ VIEW ] /www/wwwroot/crmeb.clear7.asia/public/mobile.html [ array (
  0 => 'siteName',
  1 => 'siteUrl',
) ]
2024-04-20 08:12:27|info|[ VIEW ] /www/wwwroot/crmeb.clear7.asia/public/mobile.html [ array (
  0 => 'siteName',
  1 => 'siteUrl',
) ]
2024-04-20 08:12:27|info|[ VIEW ] /www/wwwroot/crmeb.clear7.asia/public/index.html [ array (
) ]
2024-04-20 08:12:43|info|[ VIEW ] /www/wwwroot/crmeb.clear7.asia/public/mobile.html [ array (
  0 => 'siteName',
  1 => 'siteUrl',
) ]
2024-04-20 12:19:44|info|[ VIEW ] /www/wwwroot/crmeb.clear7.asia/public/mobile.html [ array (
  0 => 'siteName',
  1 => 'siteUrl',
) ]
2024-04-20 12:19:47|info|[ VIEW ] /www/wwwroot/crmeb.clear7.asia/public/index.html [ array (
) ]
2024-04-20 12:29:47|info|[ VIEW ] /www/wwwroot/crmeb.clear7.asia/public/mobile.html [ array (
  0 => 'siteName',
  1 => 'siteUrl',
) ]
2024-04-20 13:48:37|info|[ VIEW ] /www/wwwroot/crmeb.clear7.asia/public/mobile.html [ array (
  0 => 'siteName',
  1 => 'siteUrl',
) ]
2024-04-20 13:48:37|info|[ VIEW ] /www/wwwroot/crmeb.clear7.asia/public/mobile.html [ array (
  0 => 'siteName',
  1 => 'siteUrl',
) ]
2024-04-20 15:15:23|info|[ VIEW ] /www/wwwroot/crmeb.clear7.asia/public/mobile.html [ array (
  0 => 'siteName',
  1 => 'siteUrl',
) ]
2024-04-20 15:15:23|info|[ VIEW ] /www/wwwroot/crmeb.clear7.asia/public/mobile.html [ array (
  0 => 'siteName',
  1 => 'siteUrl',
) ]
2024-04-20 17:13:15|info|[ VIEW ] /www/wwwroot/crmeb.clear7.asia/public/mobile.html [ array (
  0 => 'siteName',
  1 => 'siteUrl',
) ]
2024-04-20 18:02:05|info|[ VIEW ] /www/wwwroot/crmeb.clear7.asia/public/mobile.html [ array (
  0 => 'siteName',
  1 => 'siteUrl',
) ]
2024-04-20 21:20:43|info|[ VIEW ] /www/wwwroot/crmeb.clear7.asia/public/mobile.html [ array (
  0 => 'siteName',
  1 => 'siteUrl',
) ]
2024-04-20 22:41:37|info|[ VIEW ] /www/wwwroot/crmeb.clear7.asia/public/mobile.html [ array (
  0 => 'siteName',
  1 => 'siteUrl',
) ]
2024-04-20 22:41:38|info|[ VIEW ] /www/wwwroot/crmeb.clear7.asia/public/mobile.html [ array (
  0 => 'siteName',
  1 => 'siteUrl',
) ]
