2024-04-21 05:18:44|info|[ VIEW ] /www/wwwroot/crmeb.clear7.asia/public/index.html [ array (
) ]
2024-04-21 05:18:44|info|[ VIEW ] /www/wwwroot/crmeb.clear7.asia/public/index.html [ array (
) ]
2024-04-21 05:24:01|info|[ VIEW ] /www/wwwroot/crmeb.clear7.asia/public/mobile.html [ array (
  0 => 'siteName',
  1 => 'siteUrl',
) ]
2024-04-21 05:24:01|info|[ VIEW ] /www/wwwroot/crmeb.clear7.asia/public/mobile.html [ array (
  0 => 'siteName',
  1 => 'siteUrl',
) ]
2024-04-21 08:36:42|info|[ VIEW ] /www/wwwroot/crmeb.clear7.asia/public/mobile.html [ array (
  0 => 'siteName',
  1 => 'siteUrl',
) ]
2024-04-21 11:02:27|info|[ VIEW ] /www/wwwroot/crmeb.clear7.asia/public/mobile.html [ array (
  0 => 'siteName',
  1 => 'siteUrl',
) ]
2024-04-21 11:02:28|info|[ VIEW ] /www/wwwroot/crmeb.clear7.asia/public/index.html [ array (
) ]
2024-04-21 11:10:46|info|[ VIEW ] /www/wwwroot/crmeb.clear7.asia/public/mobile.html [ array (
  0 => 'siteName',
  1 => 'siteUrl',
) ]
2024-04-21 11:10:46|info|[ VIEW ] /www/wwwroot/crmeb.clear7.asia/public/index.html [ array (
) ]
