2024-04-19 17:05:08|info|[ VIEW ] /www/wwwroot/crmeb.clear7.asia/public/admin/index.html [ array (
) ]
2024-04-19 17:05:30|info|[ VIEW ] /www/wwwroot/crmeb.clear7.asia/public/mobile.html [ array (
  0 => 'siteName',
  1 => 'siteUrl',
) ]
2024-04-19 17:06:04|info|[ VIEW ] /www/wwwroot/crmeb.clear7.asia/public/mobile.html [ array (
  0 => 'siteName',
  1 => 'siteUrl',
) ]
2024-04-19 17:15:42|info|[ VIEW ] /www/wwwroot/crmeb.clear7.asia/public/index.html [ array (
) ]
2024-04-19 17:40:56|info|[ VIEW ] /www/wwwroot/crmeb.clear7.asia/public/mobile.html [ array (
  0 => 'siteName',
  1 => 'siteUrl',
) ]
2024-04-19 17:40:56|info|[ VIEW ] /www/wwwroot/crmeb.clear7.asia/public/mobile.html [ array (
  0 => 'siteName',
  1 => 'siteUrl',
) ]
2024-04-19 17:41:09|info|[ VIEW ] /www/wwwroot/crmeb.clear7.asia/public/mobile.html [ array (
  0 => 'siteName',
  1 => 'siteUrl',
) ]
2024-04-19 17:41:09|info|[ VIEW ] /www/wwwroot/crmeb.clear7.asia/public/mobile.html [ array (
  0 => 'siteName',
  1 => 'siteUrl',
) ]
2024-04-19 17:42:49|info|[ VIEW ] /www/wwwroot/crmeb.clear7.asia/public/mobile.html [ array (
  0 => 'siteName',
  1 => 'siteUrl',
) ]
2024-04-19 17:42:49|info|[ VIEW ] /www/wwwroot/crmeb.clear7.asia/public/mobile.html [ array (
  0 => 'siteName',
  1 => 'siteUrl',
) ]
2024-04-19 18:00:39|info|[ VIEW ] /www/wwwroot/crmeb.clear7.asia/public/mobile.html [ array (
  0 => 'siteName',
  1 => 'siteUrl',
) ]
2024-04-19 18:34:33|info|[ VIEW ] /www/wwwroot/crmeb.clear7.asia/public/mobile.html [ array (
  0 => 'siteName',
  1 => 'siteUrl',
) ]
2024-04-19 18:34:34|info|[ VIEW ] /www/wwwroot/crmeb.clear7.asia/public/index.html [ array (
) ]
2024-04-19 18:35:11|info|[ VIEW ] /www/wwwroot/crmeb.clear7.asia/public/mobile.html [ array (
  0 => 'siteName',
  1 => 'siteUrl',
) ]
2024-04-19 18:36:24|info|[ VIEW ] /www/wwwroot/crmeb.clear7.asia/public/mobile.html [ array (
  0 => 'siteName',
  1 => 'siteUrl',
) ]
2024-04-19 18:36:25|info|[ VIEW ] /www/wwwroot/crmeb.clear7.asia/public/mobile.html [ array (
  0 => 'siteName',
  1 => 'siteUrl',
) ]
2024-04-19 18:36:25|info|[ VIEW ] /www/wwwroot/crmeb.clear7.asia/public/index.html [ array (
) ]
2024-04-19 18:54:37|info|[ VIEW ] /www/wwwroot/crmeb.clear7.asia/public/mobile.html [ array (
  0 => 'siteName',
  1 => 'siteUrl',
) ]
2024-04-19 18:54:37|info|[ VIEW ] /www/wwwroot/crmeb.clear7.asia/public/mobile.html [ array (
  0 => 'siteName',
  1 => 'siteUrl',
) ]
2024-04-19 19:02:36|info|[ VIEW ] /www/wwwroot/crmeb.clear7.asia/public/index.html [ array (
) ]
2024-04-19 20:01:57|info|[ VIEW ] /www/wwwroot/crmeb.clear7.asia/public/mobile.html [ array (
  0 => 'siteName',
  1 => 'siteUrl',
) ]
2024-04-19 20:04:02|info|[ VIEW ] /www/wwwroot/crmeb.clear7.asia/public/mobile.html [ array (
  0 => 'siteName',
  1 => 'siteUrl',
) ]
2024-04-19 20:04:03|info|[ VIEW ] /www/wwwroot/crmeb.clear7.asia/public/mobile.html [ array (
  0 => 'siteName',
  1 => 'siteUrl',
) ]
2024-04-19 20:04:03|info|[ VIEW ] /www/wwwroot/crmeb.clear7.asia/public/index.html [ array (
) ]
2024-04-19 21:26:59|info|[ VIEW ] /www/wwwroot/crmeb.clear7.asia/public/mobile.html [ array (
  0 => 'siteName',
  1 => 'siteUrl',
) ]
